Machine-level Assembler Version 6.3    Wed Sep  6 20:14:00 2017

  LOC    OBJ   SOURCE
hex*dec

0  *0    8016  			ldc msg1
1  *1    FFF7  			sout
2  *2    FFFC  			din
3  *3    1015  			st count
4  *4    C00E  loop:		jz exit
5  *5    8032  			ldc msg2
6  *6    FFF7  			sout
7  *7    FFFC  			din
8  *8    2013  			add sum
9  *9    1013  			st sum
A  *10   0015  			ld count
B  *11   3014  			sub one
C  *12   1015  			st count
D  *13   9004  			ja loop
E  *14   8046  exit:		ldc msg3
F  *15   FFF7  			sout
10 *16   0013  			ld sum
11 *17   FFFD  			dout
12 *18   FFFF  			halt
               
13 *19   0000  sum:		dw 0
14 *20   0001  one:		dw 1
15 *21   0000  count:		dw 0
16 *22   0048  msg1:		dw "How many integers to add?  "
17 *23   006F
18 *24   0077
19 *25   0020
1A *26   006D
1B *27   0061
1C *28   006E
1D *29   0079
1E *30   0020
1F *31   0069
20 *32   006E
21 *33   0074
22 *34   0065
23 *35   0067
24 *36   0065
25 *37   0072
26 *38   0073
27 *39   0020
28 *40   0074
29 *41   006F
2A *42   0020
2B *43   0061
2C *44   0064
2D *45   0064
2E *46   003F
2F *47   0020
30 *48   0020
31 *49   0000
32 *50   0049  msg2:		dw "Input an integer:  "
33 *51   006E
34 *52   0070
35 *53   0075
36 *54   0074
37 *55   0020
38 *56   0061
39 *57   006E
3A *58   0020
3B *59   0069
3C *60   006E
3D *61   0074
3E *62   0065
3F *63   0067
40 *64   0065
41 *65   0072
42 *66   003A
43 *67   0020
44 *68   0020
45 *69   0000
46 *70   0073  msg3:		dw "sum =  "
47 *71   0075
48 *72   006D
49 *73   0020
4A *74   003D
4B *75   0020
4C *76   0020
4D *77   0000
4E *78   ========= end of adder1.mas =============================


         Symbol/Cross-Reference Table

Symbol                   Address     References
                          (hex)       (hex)

 loop                      4           D  
 exit                      E           4  
 sum                       13          8   9   10 
 one                       14          B  
 count                     15          3   A   C  
 msg1                      16          0  
 msg2                      32          5  
 msg3                      46          E  

Input file   = adder1.mas
Output file  = adder1.mac
List file    = adder1.lst 
Number base  = decimal
Label status = case sensitive
