Machine-level Assembler Version 6.3    Wed Sep 13 20:30:44 2017

  LOC    OBJ   SOURCE
hex*dec

0  *0    800B  		ldc string
1  *1    FFF7  		sout
2  *2    FFF6  		sin
3  *3    501D  		str s
4  *4    101F  		st length
5  *5    001D  loop:	ld s
6  *6    C009  		jz exit
7  *7    301E  		sub one
8  *8    9005  		ja loop
               
               
9  *9    FFFD  exit: 	dout
A  *10   FFFF  		halt
               
               
               	  
               
               
               
               
               
               
               
               
               
               
               
               
               
               
               
               
               
               
               
               
B  *11   0049  string: dw "Insert a string: "
C  *12   006E
D  *13   0073
E  *14   0065
F  *15   0072
10 *16   0074
11 *17   0020
12 *18   0061
13 *19   0020
14 *20   0073
15 *21   0074
16 *22   0072
17 *23   0069
18 *24   006E
19 *25   0067
1A *26   003A
1B *27   0020
1C *28   0000

ERROR on line 38 (decimal) of strlength.mas:
s: 		dup100_0
Invalid operation
